2025-05-23 12:01:14,726 - INFO - Setting up line follower robot...
2025-05-23 12:01:20,739 - INFO - Connected to MySQL database: restaurant
2025-05-23 12:01:20,740 - INFO - Retrieved available tables: [0, 1, 2, 3, 4, 5, 6]
2025-05-23 12:01:20,740 - INFO - Filtered tables to visit: [1] (from filter: [1])
2025-05-23 12:01:20,740 - INFO - Tables to visit: [1]
2025-05-23 12:01:20,740 - INFO - Next table to visit: 1
2025-05-23 12:01:20,741 - INFO - Retrieved waypoints from table 0 to table 1: ['STRAIGHT', 'RIGHT']
2025-05-23 12:01:20,741 - INFO - Route from 0 to 1: ['STRAIGHT', 'RIGHT']
2025-05-23 12:01:20,741 - INFO - New route set: ['STRAIGHT', 'RIGHT']
2025-05-23 12:01:20,741 - INFO - Setup complete. Ready to start.
2025-05-23 12:01:20,741 - INFO - Starting line follower with dynamic junction handling...
2025-05-23 12:01:20,741 - INFO - - [□□█□□] State: LINE_FOLLOWING
2025-05-23 12:01:20,741 - INFO - PID: error=0.000, integral=0.000, derivative=0.000
2025-05-23 12:01:20,741 - INFO - Left Speed: 0.17, Right Speed: 0.17
2025-05-23 12:01:20,793 - INFO - - [□□█□□] State: LINE_FOLLOWING
2025-05-23 12:01:20,794 - INFO - PID: error=0.000, integral=0.000, derivative=0.000
2025-05-23 12:01:20,794 - INFO - Left Speed: 0.17, Right Speed: 0.17
2025-05-23 12:01:20,844 - INFO - - [□□█□□] State: LINE_FOLLOWING
2025-05-23 12:01:20,844 - INFO - PID: error=0.000, integral=0.000, derivative=0.000
2025-05-23 12:01:20,844 - INFO - Left Speed: 0.17, Right Speed: 0.17
2025-05-23 12:01:20,899 - INFO - - [□□█□□] State: LINE_FOLLOWING
2025-05-23 12:01:20,900 - INFO - PID: error=0.000, integral=0.000, derivative=0.000
2025-05-23 12:01:20,900 - INFO - Left Speed: 0.17, Right Speed: 0.17
2025-05-23 12:01:20,955 - INFO - - [□□█□□] State: LINE_FOLLOWING
2025-05-23 12:01:20,959 - INFO - PID: error=0.000, integral=0.000, derivative=0.000
2025-05-23 12:01:20,961 - INFO - Left Speed: 0.17, Right Speed: 0.17
2025-05-23 12:01:21,014 - INFO - - [□□█□□] State: LINE_FOLLOWING
2025-05-23 12:01:21,014 - INFO - PID: error=0.000, integral=0.000, derivative=0.000
2025-05-23 12:01:21,014 - INFO - Left Speed: 0.17, Right Speed: 0.17
2025-05-23 12:01:21,065 - INFO - - [□□█□□] State: LINE_FOLLOWING
2025-05-23 12:01:21,065 - INFO - PID: error=0.000, integral=0.000, derivative=0.000
2025-05-23 12:01:21,065 - INFO - Left Speed: 0.17, Right Speed: 0.17
2025-05-23 12:01:21,120 - INFO - - [□□█□□] State: LINE_FOLLOWING
2025-05-23 12:01:21,120 - INFO - PID: error=0.000, integral=0.000, derivative=0.000
2025-05-23 12:01:21,120 - INFO - Left Speed: 0.17, Right Speed: 0.17
2025-05-23 12:01:21,171 - INFO - - [□□█□□] State: LINE_FOLLOWING
2025-05-23 12:01:21,171 - INFO - PID: error=0.000, integral=0.000, derivative=0.000
2025-05-23 12:01:21,171 - INFO - Left Speed: 0.17, Right Speed: 0.17
2025-05-23 12:01:21,223 - INFO - - [□□█□□] State: LINE_FOLLOWING
2025-05-23 12:01:21,223 - INFO - PID: error=0.000, integral=0.000, derivative=0.000
2025-05-23 12:01:21,223 - INFO - Left Speed: 0.17, Right Speed: 0.17
2025-05-23 12:01:21,273 - INFO - - [□□█□□] State: LINE_FOLLOWING
2025-05-23 12:01:21,273 - INFO - PID: error=0.000, integral=0.000, derivative=0.000
2025-05-23 12:01:21,273 - INFO - Left Speed: 0.17, Right Speed: 0.17
2025-05-23 12:01:21,324 - INFO - - [□□█□□] State: LINE_FOLLOWING
2025-05-23 12:01:21,324 - INFO - PID: error=0.000, integral=0.000, derivative=0.000
2025-05-23 12:01:21,324 - INFO - Left Speed: 0.17, Right Speed: 0.17
2025-05-23 12:01:21,375 - INFO - - [□□█□□] State: LINE_FOLLOWING
2025-05-23 12:01:21,375 - INFO - PID: error=0.000, integral=0.000, derivative=0.000
2025-05-23 12:01:21,375 - INFO - Left Speed: 0.17, Right Speed: 0.17
2025-05-23 12:01:21,426 - INFO - - [□□█□□] State: LINE_FOLLOWING
2025-05-23 12:01:21,426 - INFO - PID: error=0.000, integral=0.000, derivative=0.000
2025-05-23 12:01:21,426 - INFO - Left Speed: 0.17, Right Speed: 0.17
2025-05-23 12:01:21,477 - INFO - - [□□█□□] State: LINE_FOLLOWING
2025-05-23 12:01:21,477 - INFO - PID: error=0.000, integral=0.000, derivative=0.000
2025-05-23 12:01:21,477 - INFO - Left Speed: 0.17, Right Speed: 0.17
2025-05-23 12:01:21,532 - INFO - - [□□█□□] State: LINE_FOLLOWING
2025-05-23 12:01:21,532 - INFO - PID: error=0.000, integral=0.000, derivative=0.000
2025-05-23 12:01:21,533 - INFO - Left Speed: 0.17, Right Speed: 0.17
2025-05-23 12:01:21,587 - INFO - - [□□█□□] State: LINE_FOLLOWING
2025-05-23 12:01:21,587 - INFO - PID: error=0.000, integral=0.000, derivative=0.000
2025-05-23 12:01:21,588 - INFO - Left Speed: 0.17, Right Speed: 0.17
2025-05-23 12:01:21,641 - INFO - - [□□█□□] State: LINE_FOLLOWING
2025-05-23 12:01:21,641 - INFO - PID: error=0.000, integral=0.000, derivative=0.000
2025-05-23 12:01:21,642 - INFO - Left Speed: 0.17, Right Speed: 0.17
2025-05-23 12:01:21,696 - INFO - - [□□█□□] State: LINE_FOLLOWING
2025-05-23 12:01:21,696 - INFO - PID: error=0.000, integral=0.000, derivative=0.000
2025-05-23 12:01:21,697 - INFO - Left Speed: 0.17, Right Speed: 0.17
2025-05-23 12:01:21,748 - INFO - - [□□█□□] State: LINE_FOLLOWING
2025-05-23 12:01:21,748 - INFO - PID: error=0.000, integral=0.000, derivative=0.000
2025-05-23 12:01:21,749 - INFO - Left Speed: 0.17, Right Speed: 0.17
2025-05-23 12:01:21,802 - INFO - - [□□█□□] State: LINE_FOLLOWING
2025-05-23 12:01:21,803 - INFO - PID: error=0.000, integral=0.000, derivative=0.000
2025-05-23 12:01:21,803 - INFO - Left Speed: 0.17, Right Speed: 0.17
2025-05-23 12:01:21,857 - INFO - - [□□█□□] State: LINE_FOLLOWING
2025-05-23 12:01:21,858 - INFO - PID: error=0.000, integral=0.000, derivative=0.000
2025-05-23 12:01:21,858 - INFO - Left Speed: 0.17, Right Speed: 0.17
2025-05-23 12:01:21,914 - INFO - - [□□█□□] State: LINE_FOLLOWING
2025-05-23 12:01:21,914 - INFO - PID: error=0.000, integral=0.000, derivative=0.000
2025-05-23 12:01:21,915 - INFO - Left Speed: 0.17, Right Speed: 0.17
2025-05-23 12:01:21,967 - INFO - - [□□█□□] State: LINE_FOLLOWING
2025-05-23 12:01:21,967 - INFO - PID: error=0.000, integral=0.000, derivative=0.000
2025-05-23 12:01:21,967 - INFO - Left Speed: 0.17, Right Speed: 0.17
2025-05-23 12:01:22,019 - INFO - - [□□█□□] State: LINE_FOLLOWING
2025-05-23 12:01:22,019 - INFO - PID: error=0.000, integral=0.000, derivative=0.000
2025-05-23 12:01:22,020 - INFO - Left Speed: 0.17, Right Speed: 0.17
2025-05-23 12:01:22,071 - INFO - - [□□█□□] State: LINE_FOLLOWING
2025-05-23 12:01:22,072 - INFO - PID: error=0.000, integral=0.000, derivative=0.000
2025-05-23 12:01:22,072 - INFO - Left Speed: 0.17, Right Speed: 0.17
2025-05-23 12:01:22,123 - INFO - - [□□█□□] State: LINE_FOLLOWING
2025-05-23 12:01:22,123 - INFO - PID: error=0.000, integral=0.000, derivative=0.000
2025-05-23 12:01:22,124 - INFO - Left Speed: 0.17, Right Speed: 0.17
2025-05-23 12:01:22,175 - INFO - - [□□█□□] State: LINE_FOLLOWING
2025-05-23 12:01:22,175 - INFO - PID: error=0.000, integral=0.000, derivative=0.000
2025-05-23 12:01:22,175 - INFO - Left Speed: 0.17, Right Speed: 0.17
2025-05-23 12:01:22,230 - INFO - - [□□█□□] State: LINE_FOLLOWING
2025-05-23 12:01:22,231 - INFO - PID: error=0.000, integral=0.000, derivative=0.000
2025-05-23 12:01:22,231 - INFO - Left Speed: 0.17, Right Speed: 0.17
2025-05-23 12:01:22,286 - INFO - - [□□█□□] State: LINE_FOLLOWING
2025-05-23 12:01:22,286 - INFO - PID: error=0.000, integral=0.000, derivative=0.000
2025-05-23 12:01:22,287 - INFO - Left Speed: 0.17, Right Speed: 0.17
2025-05-23 12:01:22,338 - INFO - - [□□█□□] State: LINE_FOLLOWING
2025-05-23 12:01:22,338 - INFO - PID: error=0.000, integral=0.000, derivative=0.000
2025-05-23 12:01:22,338 - INFO - Left Speed: 0.17, Right Speed: 0.17
2025-05-23 12:01:22,388 - INFO - - [□□█□□] State: LINE_FOLLOWING
2025-05-23 12:01:22,388 - INFO - PID: error=0.000, integral=0.000, derivative=0.000
2025-05-23 12:01:22,388 - INFO - Left Speed: 0.17, Right Speed: 0.17
2025-05-23 12:01:22,439 - INFO - - [□□█□□] State: LINE_FOLLOWING
2025-05-23 12:01:22,439 - INFO - PID: error=0.000, integral=0.000, derivative=0.000
2025-05-23 12:01:22,439 - INFO - Left Speed: 0.17, Right Speed: 0.17
2025-05-23 12:01:22,490 - INFO - - [□□██□] State: LINE_FOLLOWING
2025-05-23 12:01:22,490 - INFO - PID: error=0.500, integral=0.000, derivative=0.500
2025-05-23 12:01:22,490 - INFO - Left Speed: 0.37, Right Speed: 0.05
2025-05-23 12:01:22,540 - INFO - Junction cooldown started
2025-05-23 12:01:22,540 - INFO - State changed: LINE_FOLLOWING -> JUNCTION
2025-05-23 12:01:22,540 - INFO - █ [□□███] State: JUNCTION
2025-05-23 12:01:22,540 - INFO - Junction 1: Taking STRAIGHT
2025-05-23 12:01:22,541 - INFO - Left Speed: 0.17, Right Speed: 0.17
2025-05-23 12:01:22,591 - INFO - █ [□□███] State: JUNCTION
2025-05-23 12:01:22,591 - INFO - Left Speed: 0.17, Right Speed: 0.17
2025-05-23 12:01:22,646 - INFO - █ [□████] State: JUNCTION
2025-05-23 12:01:22,647 - INFO - Left Speed: 0.17, Right Speed: 0.17
2025-05-23 12:01:22,699 - INFO - █ [□████] State: JUNCTION
2025-05-23 12:01:22,699 - INFO - Left Speed: 0.17, Right Speed: 0.17
2025-05-23 12:01:22,753 - INFO - State changed: JUNCTION -> LINE_FOLLOWING
2025-05-23 12:01:22,753 - INFO - - [□█□□□] State: LINE_FOLLOWING
2025-05-23 12:01:22,753 - INFO - PID: error=-1.000, integral=0.000, derivative=-1.500
2025-05-23 12:01:22,753 - INFO - Left Speed: 0.05, Right Speed: 0.67
2025-05-23 12:01:22,804 - INFO - - [██□□□] State: LINE_FOLLOWING
2025-05-23 12:01:22,804 - INFO - PID: error=-1.500, integral=0.000, derivative=-0.500
2025-05-23 12:01:22,805 - INFO - Left Speed: 0.05, Right Speed: 0.57
2025-05-23 12:01:22,856 - INFO - - [██□□□] State: LINE_FOLLOWING
2025-05-23 12:01:22,856 - INFO - PID: error=-1.500, integral=0.000, derivative=0.000
2025-05-23 12:01:22,857 - INFO - Left Speed: 0.05, Right Speed: 0.47
2025-05-23 12:01:22,908 - INFO - - [□█□□□] State: LINE_FOLLOWING
2025-05-23 12:01:22,908 - INFO - PID: error=-1.000, integral=0.000, derivative=0.500
2025-05-23 12:01:22,908 - INFO - Left Speed: 0.07, Right Speed: 0.27
2025-05-23 12:01:22,959 - INFO - - [□█□□□] State: LINE_FOLLOWING
2025-05-23 12:01:22,959 - INFO - PID: error=-1.000, integral=0.000, derivative=0.000
2025-05-23 12:01:22,959 - INFO - Left Speed: 0.05, Right Speed: 0.37
2025-05-23 12:01:23,010 - INFO - - [□□█□□] State: LINE_FOLLOWING
2025-05-23 12:01:23,011 - INFO - PID: error=0.000, integral=0.000, derivative=1.000
2025-05-23 12:01:23,011 - INFO - Left Speed: 0.37, Right Speed: 0.05
2025-05-23 12:01:23,062 - INFO - - [□□█□□] State: LINE_FOLLOWING
2025-05-23 12:01:23,062 - INFO - PID: error=0.000, integral=0.000, derivative=0.000
2025-05-23 12:01:23,063 - INFO - Left Speed: 0.17, Right Speed: 0.17
2025-05-23 12:01:23,114 - INFO - - [□□█□□] State: LINE_FOLLOWING
2025-05-23 12:01:23,115 - INFO - PID: error=0.000, integral=0.000, derivative=0.000
2025-05-23 12:01:23,115 - INFO - Left Speed: 0.17, Right Speed: 0.17
2025-05-23 12:01:23,166 - INFO - - [□□█□□] State: LINE_FOLLOWING
2025-05-23 12:01:23,167 - INFO - PID: error=0.000, integral=0.000, derivative=0.000
2025-05-23 12:01:23,167 - INFO - Left Speed: 0.17, Right Speed: 0.17
2025-05-23 12:01:23,219 - INFO - - [□□█□□] State: LINE_FOLLOWING
2025-05-23 12:01:23,219 - INFO - PID: error=0.000, integral=0.000, derivative=0.000
2025-05-23 12:01:23,220 - INFO - Left Speed: 0.17, Right Speed: 0.17
2025-05-23 12:01:23,275 - INFO - - [□□█□□] State: LINE_FOLLOWING
2025-05-23 12:01:23,276 - INFO - PID: error=0.000, integral=0.000, derivative=0.000
2025-05-23 12:01:23,276 - INFO - Left Speed: 0.17, Right Speed: 0.17
2025-05-23 12:01:23,327 - INFO - - [□□█□□] State: LINE_FOLLOWING
2025-05-23 12:01:23,328 - INFO - PID: error=0.000, integral=0.000, derivative=0.000
2025-05-23 12:01:23,328 - INFO - Left Speed: 0.17, Right Speed: 0.17
2025-05-23 12:01:23,383 - INFO - - [□□█□□] State: LINE_FOLLOWING
2025-05-23 12:01:23,383 - INFO - PID: error=0.000, integral=0.000, derivative=0.000
2025-05-23 12:01:23,383 - INFO - Left Speed: 0.17, Right Speed: 0.17
2025-05-23 12:01:23,438 - INFO - - [□□█□□] State: LINE_FOLLOWING
2025-05-23 12:01:23,438 - INFO - PID: error=0.000, integral=0.000, derivative=0.000
2025-05-23 12:01:23,438 - INFO - Left Speed: 0.17, Right Speed: 0.17
2025-05-23 12:01:23,488 - INFO - - [□□█□□] State: LINE_FOLLOWING
2025-05-23 12:01:23,489 - INFO - PID: error=0.000, integral=0.000, derivative=0.000
2025-05-23 12:01:23,489 - INFO - Left Speed: 0.17, Right Speed: 0.17
2025-05-23 12:01:23,539 - INFO - - [□□█□□] State: LINE_FOLLOWING
2025-05-23 12:01:23,539 - INFO - PID: error=0.000, integral=0.000, derivative=0.000
2025-05-23 12:01:23,539 - INFO - Left Speed: 0.17, Right Speed: 0.17
2025-05-23 12:01:23,590 - INFO - - [□□█□□] State: LINE_FOLLOWING
2025-05-23 12:01:23,590 - INFO - PID: error=0.000, integral=0.000, derivative=0.000
2025-05-23 12:01:23,590 - INFO - Left Speed: 0.17, Right Speed: 0.17
2025-05-23 12:01:23,641 - INFO - - [□□█□□] State: LINE_FOLLOWING
2025-05-23 12:01:23,641 - INFO - PID: error=0.000, integral=0.000, derivative=0.000
2025-05-23 12:01:23,641 - INFO - Left Speed: 0.17, Right Speed: 0.17
2025-05-23 12:01:23,696 - INFO - - [□□█□□] State: LINE_FOLLOWING
2025-05-23 12:01:23,697 - INFO - PID: error=0.000, integral=0.000, derivative=0.000
2025-05-23 12:01:23,697 - INFO - Left Speed: 0.17, Right Speed: 0.17
2025-05-23 12:01:23,748 - INFO - - [□□█□□] State: LINE_FOLLOWING
2025-05-23 12:01:23,749 - INFO - PID: error=0.000, integral=0.000, derivative=0.000
2025-05-23 12:01:23,749 - INFO - Left Speed: 0.17, Right Speed: 0.17
2025-05-23 12:01:23,801 - INFO - - [□██□□] State: LINE_FOLLOWING
2025-05-23 12:01:23,802 - INFO - PID: error=-0.500, integral=0.000, derivative=-0.500
2025-05-23 12:01:23,802 - INFO - Left Speed: 0.05, Right Speed: 0.37
2025-05-23 12:01:23,854 - INFO - - [□██□□] State: LINE_FOLLOWING
2025-05-23 12:01:23,854 - INFO - PID: error=-0.500, integral=0.000, derivative=0.000
2025-05-23 12:01:23,855 - INFO - Left Speed: 0.07, Right Speed: 0.27
2025-05-23 12:01:23,906 - INFO - - [□██□□] State: LINE_FOLLOWING
2025-05-23 12:01:23,906 - INFO - PID: error=-0.500, integral=0.000, derivative=0.000
2025-05-23 12:01:23,907 - INFO - Left Speed: 0.07, Right Speed: 0.27
2025-05-23 12:01:23,960 - INFO - - [□██□□] State: LINE_FOLLOWING
2025-05-23 12:01:23,960 - INFO - PID: error=-0.500, integral=0.000, derivative=0.000
2025-05-23 12:01:23,961 - INFO - Left Speed: 0.07, Right Speed: 0.27
2025-05-23 12:01:24,014 - INFO - - [□□█□□] State: LINE_FOLLOWING
2025-05-23 12:01:24,014 - INFO - PID: error=0.000, integral=0.000, derivative=0.500
2025-05-23 12:01:24,014 - INFO - Left Speed: 0.27, Right Speed: 0.07
2025-05-23 12:01:24,067 - INFO - - [□□█□□] State: LINE_FOLLOWING
2025-05-23 12:01:24,067 - INFO - PID: error=0.000, integral=0.000, derivative=0.000
2025-05-23 12:01:24,068 - INFO - Left Speed: 0.17, Right Speed: 0.17
2025-05-23 12:01:24,120 - INFO - - [□□█□□] State: LINE_FOLLOWING
2025-05-23 12:01:24,121 - INFO - PID: error=0.000, integral=0.000, derivative=0.000
2025-05-23 12:01:24,121 - INFO - Left Speed: 0.17, Right Speed: 0.17
2025-05-23 12:01:24,173 - INFO - - [□□█□□] State: LINE_FOLLOWING
2025-05-23 12:01:24,173 - INFO - PID: error=0.000, integral=0.000, derivative=0.000
2025-05-23 12:01:24,174 - INFO - Left Speed: 0.17, Right Speed: 0.17
2025-05-23 12:01:24,226 - INFO - - [□□█□□] State: LINE_FOLLOWING
2025-05-23 12:01:24,226 - INFO - PID: error=0.000, integral=0.000, derivative=0.000
2025-05-23 12:01:24,227 - INFO - Left Speed: 0.17, Right Speed: 0.17
2025-05-23 12:01:24,281 - INFO - - [□□█□□] State: LINE_FOLLOWING
2025-05-23 12:01:24,281 - INFO - PID: error=0.000, integral=0.000, derivative=0.000
2025-05-23 12:01:24,282 - INFO - Left Speed: 0.17, Right Speed: 0.17
2025-05-23 12:01:24,333 - INFO - - [□□█□□] State: LINE_FOLLOWING
2025-05-23 12:01:24,333 - INFO - PID: error=0.000, integral=0.000, derivative=0.000
2025-05-23 12:01:24,334 - INFO - Left Speed: 0.17, Right Speed: 0.17
2025-05-23 12:01:24,385 - INFO - - [□□█□□] State: LINE_FOLLOWING
2025-05-23 12:01:24,386 - INFO - PID: error=0.000, integral=0.000, derivative=0.000
2025-05-23 12:01:24,386 - INFO - Left Speed: 0.17, Right Speed: 0.17
2025-05-23 12:01:24,439 - INFO - - [□□█□□] State: LINE_FOLLOWING
2025-05-23 12:01:24,439 - INFO - PID: error=0.000, integral=0.000, derivative=0.000
2025-05-23 12:01:24,440 - INFO - Left Speed: 0.17, Right Speed: 0.17
2025-05-23 12:01:24,495 - INFO - - [□□█□□] State: LINE_FOLLOWING
2025-05-23 12:01:24,495 - INFO - PID: error=0.000, integral=0.000, derivative=0.000
2025-05-23 12:01:24,495 - INFO - Left Speed: 0.17, Right Speed: 0.17
2025-05-23 12:01:24,549 - INFO - Junction cooldown ended
2025-05-23 12:01:24,549 - INFO - - [□□█□□] State: LINE_FOLLOWING
2025-05-23 12:01:24,550 - INFO - PID: error=0.000, integral=0.000, derivative=0.000
2025-05-23 12:01:24,550 - INFO - Left Speed: 0.17, Right Speed: 0.17
2025-05-23 12:01:24,600 - INFO - - [□□█□□] State: LINE_FOLLOWING
2025-05-23 12:01:24,600 - INFO - PID: error=0.000, integral=0.000, derivative=0.000
2025-05-23 12:01:24,600 - INFO - Left Speed: 0.17, Right Speed: 0.17
2025-05-23 12:01:24,651 - INFO - - [□□█□□] State: LINE_FOLLOWING
2025-05-23 12:01:24,651 - INFO - PID: error=0.000, integral=0.000, derivative=0.000
2025-05-23 12:01:24,651 - INFO - Left Speed: 0.17, Right Speed: 0.17
2025-05-23 12:01:24,706 - INFO - - [□□█□□] State: LINE_FOLLOWING
2025-05-23 12:01:24,706 - INFO - PID: error=0.000, integral=0.000, derivative=0.000
2025-05-23 12:01:24,706 - INFO - Left Speed: 0.17, Right Speed: 0.17
2025-05-23 12:01:24,761 - INFO - - [□□█□□] State: LINE_FOLLOWING
2025-05-23 12:01:24,761 - INFO - PID: error=0.000, integral=0.000, derivative=0.000
2025-05-23 12:01:24,762 - INFO - Left Speed: 0.17, Right Speed: 0.17
2025-05-23 12:01:24,813 - INFO - - [□□█□□] State: LINE_FOLLOWING
2025-05-23 12:01:24,814 - INFO - PID: error=0.000, integral=0.000, derivative=0.000
2025-05-23 12:01:24,814 - INFO - Left Speed: 0.17, Right Speed: 0.17
2025-05-23 12:01:24,866 - INFO - - [□□█□□] State: LINE_FOLLOWING
2025-05-23 12:01:24,866 - INFO - PID: error=0.000, integral=0.000, derivative=0.000
2025-05-23 12:01:24,866 - INFO - Left Speed: 0.17, Right Speed: 0.17
2025-05-23 12:01:24,921 - INFO - - [□□█□□] State: LINE_FOLLOWING
2025-05-23 12:01:24,921 - INFO - PID: error=0.000, integral=0.000, derivative=0.000
2025-05-23 12:01:24,921 - INFO - Left Speed: 0.17, Right Speed: 0.17
2025-05-23 12:01:24,972 - INFO - - [□□██□] State: LINE_FOLLOWING
2025-05-23 12:01:24,973 - INFO - PID: error=0.500, integral=0.000, derivative=0.500
2025-05-23 12:01:24,973 - INFO - Left Speed: 0.37, Right Speed: 0.05
2025-05-23 12:01:25,025 - INFO - - [□□██□] State: LINE_FOLLOWING
2025-05-23 12:01:25,025 - INFO - PID: error=0.500, integral=0.000, derivative=0.000
2025-05-23 12:01:25,026 - INFO - Left Speed: 0.27, Right Speed: 0.07
2025-05-23 12:01:25,077 - INFO - - [□□██□] State: LINE_FOLLOWING
2025-05-23 12:01:25,077 - INFO - PID: error=0.500, integral=0.000, derivative=0.000
2025-05-23 12:01:25,078 - INFO - Left Speed: 0.27, Right Speed: 0.07
2025-05-23 12:01:25,131 - INFO - - [□□██□] State: LINE_FOLLOWING
2025-05-23 12:01:25,131 - INFO - PID: error=0.500, integral=0.000, derivative=0.000
2025-05-23 12:01:25,132 - INFO - Left Speed: 0.27, Right Speed: 0.07
2025-05-23 12:01:25,187 - INFO - - [□□██□] State: LINE_FOLLOWING
2025-05-23 12:01:25,188 - INFO - PID: error=0.500, integral=0.000, derivative=0.000
2025-05-23 12:01:25,188 - INFO - Left Speed: 0.27, Right Speed: 0.07
2025-05-23 12:01:25,238 - INFO - - [□□█□□] State: LINE_FOLLOWING
2025-05-23 12:01:25,239 - INFO - PID: error=0.000, integral=0.000, derivative=-0.500
2025-05-23 12:01:25,239 - INFO - Left Speed: 0.07, Right Speed: 0.27
2025-05-23 12:01:25,291 - INFO - - [□□█□□] State: LINE_FOLLOWING
2025-05-23 12:01:25,291 - INFO - PID: error=0.000, integral=0.000, derivative=0.000
2025-05-23 12:01:25,292 - INFO - Left Speed: 0.17, Right Speed: 0.17
2025-05-23 12:01:25,346 - INFO - - [□□█□□] State: LINE_FOLLOWING
2025-05-23 12:01:25,347 - INFO - PID: error=0.000, integral=0.000, derivative=0.000
2025-05-23 12:01:25,347 - INFO - Left Speed: 0.17, Right Speed: 0.17
2025-05-23 12:01:25,402 - INFO - - [□□█□□] State: LINE_FOLLOWING
2025-05-23 12:01:25,402 - INFO - PID: error=0.000, integral=0.000, derivative=0.000
2025-05-23 12:01:25,402 - INFO - Left Speed: 0.17, Right Speed: 0.17
2025-05-23 12:01:25,454 - INFO - - [□□██□] State: LINE_FOLLOWING
2025-05-23 12:01:25,454 - INFO - PID: error=0.500, integral=0.000, derivative=0.500
2025-05-23 12:01:25,454 - INFO - Left Speed: 0.37, Right Speed: 0.05
2025-05-23 12:01:25,505 - INFO - - [□□██□] State: LINE_FOLLOWING
2025-05-23 12:01:25,505 - INFO - PID: error=0.500, integral=0.000, derivative=0.000
2025-05-23 12:01:25,505 - INFO - Left Speed: 0.27, Right Speed: 0.07
2025-05-23 12:01:25,556 - INFO - - [□□██□] State: LINE_FOLLOWING
2025-05-23 12:01:25,556 - INFO - PID: error=0.500, integral=0.000, derivative=0.000
2025-05-23 12:01:25,556 - INFO - Left Speed: 0.27, Right Speed: 0.07
2025-05-23 12:01:25,607 - INFO - - [□□□██] State: LINE_FOLLOWING
2025-05-23 12:01:25,607 - INFO - PID: error=1.500, integral=0.000, derivative=1.000
2025-05-23 12:01:25,607 - INFO - Left Speed: 0.67, Right Speed: 0.05
2025-05-23 12:01:25,658 - INFO - - [□□□██] State: LINE_FOLLOWING
2025-05-23 12:01:25,658 - INFO - PID: error=1.500, integral=0.000, derivative=0.000
2025-05-23 12:01:25,658 - INFO - Left Speed: 0.47, Right Speed: 0.05
2025-05-23 12:01:25,710 - INFO - - [□□□██] State: LINE_FOLLOWING
2025-05-23 12:01:25,710 - INFO - PID: error=1.500, integral=0.000, derivative=0.000
2025-05-23 12:01:25,710 - INFO - Left Speed: 0.47, Right Speed: 0.05
2025-05-23 12:01:25,763 - INFO - - [□□□█□] State: LINE_FOLLOWING
2025-05-23 12:01:25,763 - INFO - PID: error=1.000, integral=0.000, derivative=-0.500
2025-05-23 12:01:25,763 - INFO - Left Speed: 0.27, Right Speed: 0.07
2025-05-23 12:01:25,814 - INFO - - [□□□█□] State: LINE_FOLLOWING
2025-05-23 12:01:25,814 - INFO - PID: error=1.000, integral=0.000, derivative=0.000
2025-05-23 12:01:25,814 - INFO - Left Speed: 0.37, Right Speed: 0.05
2025-05-23 12:01:25,865 - INFO - - [□□□█□] State: LINE_FOLLOWING
2025-05-23 12:01:25,865 - INFO - PID: error=1.000, integral=0.000, derivative=0.000
2025-05-23 12:01:25,865 - INFO - Left Speed: 0.37, Right Speed: 0.05
2025-05-23 12:01:25,916 - INFO - - [□□□█□] State: LINE_FOLLOWING
2025-05-23 12:01:25,916 - INFO - PID: error=1.000, integral=0.000, derivative=0.000
2025-05-23 12:01:25,917 - INFO - Left Speed: 0.37, Right Speed: 0.05
2025-05-23 12:01:25,967 - INFO - - [□□□█□] State: LINE_FOLLOWING
2025-05-23 12:01:25,968 - INFO - PID: error=1.000, integral=0.000, derivative=0.000
2025-05-23 12:01:25,968 - INFO - Left Speed: 0.37, Right Speed: 0.05
2025-05-23 12:01:26,021 - INFO - Junction cooldown started
2025-05-23 12:01:26,021 - INFO - State changed: LINE_FOLLOWING -> JUNCTION
2025-05-23 12:01:26,021 - INFO - █ [□□███] State: JUNCTION
2025-05-23 12:01:26,022 - INFO - Junction 2: Taking RIGHT
2025-05-23 12:01:26,022 - INFO - Left Speed: 0.00, Right Speed: 0.00
2025-05-23 12:01:26,022 - INFO - Arrived at table 1. Pausing for 3.0 seconds.
2025-05-23 12:01:29,029 - INFO - Retrieved waypoints from table 1 to table 0: ['RIGHT', 'RIGHT', 'LEFT']
2025-05-23 12:01:29,029 - INFO - Route from 1 to kitchen: ['RIGHT', 'RIGHT', 'LEFT']
2025-05-23 12:01:29,029 - INFO - New route set: ['RIGHT', 'RIGHT', 'LEFT']
2025-05-23 12:01:29,029 - INFO - Returning to kitchen.
2025-05-23 12:01:29,029 - INFO - Left Speed: 0.24, Right Speed: 0.00
2025-05-23 12:01:29,080 - INFO - Junction cooldown ended
2025-05-23 12:01:29,080 - INFO - State changed: JUNCTION -> LINE_FOLLOWING
2025-05-23 12:01:29,080 - INFO - - [□□□██] State: LINE_FOLLOWING
2025-05-23 12:01:29,080 - INFO - PID: error=1.500, integral=0.000, derivative=0.500
2025-05-23 12:01:29,080 - INFO - Left Speed: 0.57, Right Speed: 0.05
2025-05-23 12:01:29,135 - INFO - - [□□□██] State: LINE_FOLLOWING
2025-05-23 12:01:29,135 - INFO - PID: error=1.500, integral=0.000, derivative=0.000
2025-05-23 12:01:29,135 - INFO - Left Speed: 0.47, Right Speed: 0.05
2025-05-23 12:01:29,187 - INFO - - [□□□██] State: LINE_FOLLOWING
2025-05-23 12:01:29,187 - INFO - PID: error=1.500, integral=0.000, derivative=0.000
2025-05-23 12:01:29,188 - INFO - Left Speed: 0.47, Right Speed: 0.05
2025-05-23 12:01:29,243 - INFO - - [□□□██] State: LINE_FOLLOWING
2025-05-23 12:01:29,243 - INFO - PID: error=1.500, integral=0.000, derivative=0.000
2025-05-23 12:01:29,243 - INFO - Left Speed: 0.47, Right Speed: 0.05
2025-05-23 12:01:29,297 - INFO - - [□□□██] State: LINE_FOLLOWING
2025-05-23 12:01:29,297 - INFO - PID: error=1.500, integral=0.000, derivative=0.000
2025-05-23 12:01:29,298 - INFO - Left Speed: 0.47, Right Speed: 0.05
2025-05-23 12:01:29,349 - INFO - - [□□□██] State: LINE_FOLLOWING
2025-05-23 12:01:29,349 - INFO - PID: error=1.500, integral=0.000, derivative=0.000
2025-05-23 12:01:29,349 - INFO - Left Speed: 0.47, Right Speed: 0.05
2025-05-23 12:01:29,400 - INFO - - [□□□██] State: LINE_FOLLOWING
2025-05-23 12:01:29,400 - INFO - PID: error=1.500, integral=0.000, derivative=0.000
2025-05-23 12:01:29,401 - INFO - Left Speed: 0.47, Right Speed: 0.05
2025-05-23 12:01:29,455 - INFO - - [□□□██] State: LINE_FOLLOWING
2025-05-23 12:01:29,455 - INFO - PID: error=1.500, integral=0.000, derivative=0.000
2025-05-23 12:01:29,456 - INFO - Left Speed: 0.47, Right Speed: 0.05
2025-05-23 12:01:29,508 - INFO - - [□□□██] State: LINE_FOLLOWING
2025-05-23 12:01:29,508 - INFO - PID: error=1.500, integral=0.000, derivative=0.000
2025-05-23 12:01:29,509 - INFO - Left Speed: 0.47, Right Speed: 0.05
2025-05-23 12:01:29,563 - INFO - - [□□□██] State: LINE_FOLLOWING
2025-05-23 12:01:29,563 - INFO - PID: error=1.500, integral=0.000, derivative=0.000
2025-05-23 12:01:29,564 - INFO - Left Speed: 0.47, Right Speed: 0.05
2025-05-23 12:01:29,615 - INFO - - [□□□██] State: LINE_FOLLOWING
2025-05-23 12:01:29,616 - INFO - PID: error=1.500, integral=0.000, derivative=0.000
2025-05-23 12:01:29,616 - INFO - Left Speed: 0.47, Right Speed: 0.05
2025-05-23 12:01:29,669 - INFO - - [□□□██] State: LINE_FOLLOWING
2025-05-23 12:01:29,670 - INFO - PID: error=1.500, integral=0.000, derivative=0.000
2025-05-23 12:01:29,670 - INFO - Left Speed: 0.47, Right Speed: 0.05
2025-05-23 12:01:29,722 - INFO - - [□□□██] State: LINE_FOLLOWING
2025-05-23 12:01:29,722 - INFO - PID: error=1.500, integral=0.000, derivative=0.000
2025-05-23 12:01:29,723 - INFO - Left Speed: 0.47, Right Speed: 0.05
2025-05-23 12:01:29,776 - INFO - Junction cooldown started
2025-05-23 12:01:29,776 - INFO - State changed: LINE_FOLLOWING -> JUNCTION
2025-05-23 12:01:29,776 - INFO - █ [□□███] State: JUNCTION
2025-05-23 12:01:29,777 - INFO - Junction 1: Taking RIGHT
2025-05-23 12:01:29,777 - INFO - Left Speed: 0.24, Right Speed: 0.00
2025-05-23 12:01:29,829 - INFO - █ [□□███] State: JUNCTION
2025-05-23 12:01:29,829 - INFO - Left Speed: 0.24, Right Speed: 0.00
2025-05-23 12:01:29,884 - INFO - █ [□□███] State: JUNCTION
2025-05-23 12:01:29,884 - INFO - Left Speed: 0.24, Right Speed: 0.00
2025-05-23 12:01:29,937 - INFO - █ [□□███] State: JUNCTION
2025-05-23 12:01:29,937 - INFO - Left Speed: 0.24, Right Speed: 0.00
2025-05-23 12:01:29,988 - INFO - █ [□□███] State: JUNCTION
2025-05-23 12:01:29,988 - INFO - Left Speed: 0.24, Right Speed: 0.00
2025-05-23 12:01:30,038 - INFO - █ [□□███] State: JUNCTION
2025-05-23 12:01:30,039 - INFO - Left Speed: 0.24, Right Speed: 0.00
2025-05-23 12:01:30,089 - INFO - █ [□□███] State: JUNCTION
2025-05-23 12:01:30,089 - INFO - Left Speed: 0.24, Right Speed: 0.00
2025-05-23 12:01:30,140 - INFO - █ [□□███] State: JUNCTION
2025-05-23 12:01:30,140 - INFO - Left Speed: 0.24, Right Speed: 0.00
2025-05-23 12:01:30,195 - INFO - █ [□□███] State: JUNCTION
2025-05-23 12:01:30,196 - INFO - Left Speed: 0.24, Right Speed: 0.00
2025-05-23 12:01:30,246 - INFO - █ [□□███] State: JUNCTION
2025-05-23 12:01:30,247 - INFO - Left Speed: 0.24, Right Speed: 0.00
2025-05-23 12:01:30,299 - INFO - █ [□□███] State: JUNCTION
2025-05-23 12:01:30,299 - INFO - Left Speed: 0.24, Right Speed: 0.00
2025-05-23 12:01:30,354 - INFO - State changed: JUNCTION -> LINE_FOLLOWING
2025-05-23 12:01:30,355 - INFO - - [□□█□█] State: LINE_FOLLOWING
2025-05-23 12:01:30,355 - INFO - PID: error=1.000, integral=0.000, derivative=-0.500
2025-05-23 12:01:30,356 - INFO - Left Speed: 0.27, Right Speed: 0.07
2025-05-23 12:01:30,406 - INFO - - [□□█□█] State: LINE_FOLLOWING
2025-05-23 12:01:30,407 - INFO - PID: error=1.000, integral=0.000, derivative=0.000
2025-05-23 12:01:30,407 - INFO - Left Speed: 0.37, Right Speed: 0.05
2025-05-23 12:01:30,462 - INFO - - [□□█□█] State: LINE_FOLLOWING
2025-05-23 12:01:30,462 - INFO - PID: error=1.000, integral=0.000, derivative=0.000
2025-05-23 12:01:30,463 - INFO - Left Speed: 0.37, Right Speed: 0.05
2025-05-23 12:01:30,514 - INFO - - [□██□█] State: LINE_FOLLOWING
2025-05-23 12:01:30,514 - INFO - PID: error=0.333, integral=0.333, derivative=-0.667
2025-05-23 12:01:30,515 - INFO - Left Speed: 0.11, Right Speed: 0.23
2025-05-23 12:01:30,565 - INFO - - [□█□□█] State: LINE_FOLLOWING
2025-05-23 12:01:30,565 - INFO - PID: error=0.500, integral=0.333, derivative=0.167
2025-05-23 12:01:30,565 - INFO - Left Speed: 0.31, Right Speed: 0.05
2025-05-23 12:01:30,616 - INFO - - [□█□□□] State: LINE_FOLLOWING
2025-05-23 12:01:30,616 - INFO - PID: error=-1.000, integral=0.333, derivative=-1.500
2025-05-23 12:01:30,616 - INFO - Left Speed: 0.05, Right Speed: 0.67
2025-05-23 12:01:30,667 - INFO - - [██□□□] State: LINE_FOLLOWING
2025-05-23 12:01:30,667 - INFO - PID: error=-1.500, integral=0.333, derivative=-0.500
2025-05-23 12:01:30,667 - INFO - Left Speed: 0.05, Right Speed: 0.57
2025-05-23 12:01:30,721 - INFO - - [██□□□] State: LINE_FOLLOWING
2025-05-23 12:01:30,721 - INFO - PID: error=-1.500, integral=0.333, derivative=0.000
2025-05-23 12:01:30,721 - INFO - Left Speed: 0.05, Right Speed: 0.47
2025-05-23 12:01:30,776 - INFO - - [□█□□□] State: LINE_FOLLOWING
2025-05-23 12:01:30,776 - INFO - PID: error=-1.000, integral=0.333, derivative=0.500
2025-05-23 12:01:30,777 - INFO - Left Speed: 0.07, Right Speed: 0.27
2025-05-23 12:01:30,830 - INFO - - [□██□□] State: LINE_FOLLOWING
2025-05-23 12:01:30,830 - INFO - PID: error=-0.500, integral=0.333, derivative=0.500
2025-05-23 12:01:30,831 - INFO - Left Speed: 0.17, Right Speed: 0.17
2025-05-23 12:01:30,881 - INFO - - [□□█□□] State: LINE_FOLLOWING
2025-05-23 12:01:30,882 - INFO - PID: error=0.000, integral=0.333, derivative=0.500
2025-05-23 12:01:30,882 - INFO - Left Speed: 0.27, Right Speed: 0.07
2025-05-23 12:01:30,937 - INFO - - [□□██□] State: LINE_FOLLOWING
2025-05-23 12:01:30,938 - INFO - PID: error=0.500, integral=0.333, derivative=0.500
2025-05-23 12:01:30,938 - INFO - Left Speed: 0.37, Right Speed: 0.05
2025-05-23 12:01:30,990 - INFO - - [□□██□] State: LINE_FOLLOWING
2025-05-23 12:01:30,990 - INFO - PID: error=0.500, integral=0.333, derivative=0.000
2025-05-23 12:01:30,990 - INFO - Left Speed: 0.27, Right Speed: 0.07
2025-05-23 12:01:31,042 - INFO - - [□□██□] State: LINE_FOLLOWING
2025-05-23 12:01:31,042 - INFO - PID: error=0.500, integral=0.333, derivative=0.000
2025-05-23 12:01:31,042 - INFO - Left Speed: 0.27, Right Speed: 0.07
2025-05-23 12:01:31,096 - INFO - - [□□██□] State: LINE_FOLLOWING
2025-05-23 12:01:31,096 - INFO - PID: error=0.500, integral=0.333, derivative=0.000
2025-05-23 12:01:31,096 - INFO - Left Speed: 0.27, Right Speed: 0.07
2025-05-23 12:01:31,150 - INFO - - [□□█□□] State: LINE_FOLLOWING
2025-05-23 12:01:31,150 - INFO - PID: error=0.000, integral=0.333, derivative=-0.500
2025-05-23 12:01:31,150 - INFO - Left Speed: 0.07, Right Speed: 0.27
2025-05-23 12:01:31,201 - INFO - - [□□█□□] State: LINE_FOLLOWING
2025-05-23 12:01:31,201 - INFO - PID: error=0.000, integral=0.333, derivative=0.000
2025-05-23 12:01:31,201 - INFO - Left Speed: 0.17, Right Speed: 0.17
2025-05-23 12:01:31,252 - INFO - - [□□█□□] State: LINE_FOLLOWING
2025-05-23 12:01:31,252 - INFO - PID: error=0.000, integral=0.333, derivative=0.000
2025-05-23 12:01:31,252 - INFO - Left Speed: 0.17, Right Speed: 0.17
2025-05-23 12:01:31,307 - INFO - - [□□█□□] State: LINE_FOLLOWING
2025-05-23 12:01:31,307 - INFO - PID: error=0.000, integral=0.333, derivative=0.000
2025-05-23 12:01:31,307 - INFO - Left Speed: 0.17, Right Speed: 0.17
2025-05-23 12:01:31,358 - INFO - - [□□█□□] State: LINE_FOLLOWING
2025-05-23 12:01:31,359 - INFO - PID: error=0.000, integral=0.333, derivative=0.000
2025-05-23 12:01:31,359 - INFO - Left Speed: 0.17, Right Speed: 0.17
2025-05-23 12:01:31,412 - INFO - - [□□█□□] State: LINE_FOLLOWING
2025-05-23 12:01:31,413 - INFO - PID: error=0.000, integral=0.333, derivative=0.000
2025-05-23 12:01:31,413 - INFO - Left Speed: 0.17, Right Speed: 0.17
2025-05-23 12:01:31,469 - INFO - - [□□█□□] State: LINE_FOLLOWING
2025-05-23 12:01:31,469 - INFO - PID: error=0.000, integral=0.333, derivative=0.000
2025-05-23 12:01:31,469 - INFO - Left Speed: 0.17, Right Speed: 0.17
2025-05-23 12:01:31,523 - INFO - - [□□█□□] State: LINE_FOLLOWING
2025-05-23 12:01:31,524 - INFO - PID: error=0.000, integral=0.333, derivative=0.000
2025-05-23 12:01:31,524 - INFO - Left Speed: 0.17, Right Speed: 0.17
2025-05-23 12:01:31,578 - INFO - - [□□█□□] State: LINE_FOLLOWING
2025-05-23 12:01:31,579 - INFO - PID: error=0.000, integral=0.333, derivative=0.000
2025-05-23 12:01:31,580 - INFO - Left Speed: 0.17, Right Speed: 0.17
2025-05-23 12:01:31,632 - INFO - - [□□█□□] State: LINE_FOLLOWING
2025-05-23 12:01:31,632 - INFO - PID: error=0.000, integral=0.333, derivative=0.000
2025-05-23 12:01:31,633 - INFO - Left Speed: 0.17, Right Speed: 0.17
2025-05-23 12:01:31,683 - INFO - - [□□█□□] State: LINE_FOLLOWING
2025-05-23 12:01:31,684 - INFO - PID: error=0.000, integral=0.333, derivative=0.000
2025-05-23 12:01:31,684 - INFO - Left Speed: 0.17, Right Speed: 0.17
2025-05-23 12:01:31,738 - INFO - - [□□█□□] State: LINE_FOLLOWING
2025-05-23 12:01:31,739 - INFO - PID: error=0.000, integral=0.333, derivative=0.000
2025-05-23 12:01:31,739 - INFO - Left Speed: 0.17, Right Speed: 0.17
2025-05-23 12:01:31,789 - INFO - Junction cooldown ended
2025-05-23 12:01:31,789 - INFO - - [□□█□□] State: LINE_FOLLOWING
2025-05-23 12:01:31,789 - INFO - PID: error=0.000, integral=0.333, derivative=0.000
2025-05-23 12:01:31,789 - INFO - Left Speed: 0.17, Right Speed: 0.17
2025-05-23 12:01:31,842 - INFO - - [□□█□□] State: LINE_FOLLOWING
2025-05-23 12:01:31,842 - INFO - PID: error=0.000, integral=0.333, derivative=0.000
2025-05-23 12:01:31,842 - INFO - Left Speed: 0.17, Right Speed: 0.17
2025-05-23 12:01:31,893 - INFO - - [□□█□□] State: LINE_FOLLOWING
2025-05-23 12:01:31,893 - INFO - PID: error=0.000, integral=0.333, derivative=0.000
2025-05-23 12:01:31,893 - INFO - Left Speed: 0.17, Right Speed: 0.17
2025-05-23 12:01:31,948 - INFO - - [□□█□□] State: LINE_FOLLOWING
2025-05-23 12:01:31,948 - INFO - PID: error=0.000, integral=0.333, derivative=0.000
2025-05-23 12:01:31,949 - INFO - Left Speed: 0.17, Right Speed: 0.17
2025-05-23 12:01:31,999 - INFO - - [□□██□] State: LINE_FOLLOWING
2025-05-23 12:01:31,999 - INFO - PID: error=0.500, integral=0.333, derivative=0.500
2025-05-23 12:01:32,000 - INFO - Left Speed: 0.37, Right Speed: 0.05
2025-05-23 12:01:32,054 - INFO - - [□□██□] State: LINE_FOLLOWING
2025-05-23 12:01:32,055 - INFO - PID: error=0.500, integral=0.333, derivative=0.000
2025-05-23 12:01:32,056 - INFO - Left Speed: 0.27, Right Speed: 0.07
2025-05-23 12:01:32,108 - INFO - - [□□██□] State: LINE_FOLLOWING
2025-05-23 12:01:32,108 - INFO - PID: error=0.500, integral=0.333, derivative=0.000
2025-05-23 12:01:32,108 - INFO - Left Speed: 0.27, Right Speed: 0.07
2025-05-23 12:01:32,162 - INFO - - [□□██□] State: LINE_FOLLOWING
2025-05-23 12:01:32,163 - INFO - PID: error=0.500, integral=0.333, derivative=0.000
2025-05-23 12:01:32,163 - INFO - Left Speed: 0.27, Right Speed: 0.07
2025-05-23 12:01:32,216 - INFO - - [□□█□□] State: LINE_FOLLOWING
2025-05-23 12:01:32,216 - INFO - PID: error=0.000, integral=0.333, derivative=-0.500
2025-05-23 12:01:32,216 - INFO - Left Speed: 0.07, Right Speed: 0.27
2025-05-23 12:01:32,269 - INFO - - [□□█□□] State: LINE_FOLLOWING
2025-05-23 12:01:32,269 - INFO - PID: error=0.000, integral=0.333, derivative=0.000
2025-05-23 12:01:32,269 - INFO - Left Speed: 0.17, Right Speed: 0.17
2025-05-23 12:01:32,320 - INFO - - [□□█□□] State: LINE_FOLLOWING
2025-05-23 12:01:32,320 - INFO - PID: error=0.000, integral=0.333, derivative=0.000
2025-05-23 12:01:32,320 - INFO - Left Speed: 0.17, Right Speed: 0.17
2025-05-23 12:01:32,371 - INFO - - [□□█□□] State: LINE_FOLLOWING
2025-05-23 12:01:32,371 - INFO - PID: error=0.000, integral=0.333, derivative=0.000
2025-05-23 12:01:32,371 - INFO - Left Speed: 0.17, Right Speed: 0.17
2025-05-23 12:01:32,426 - INFO - - [□□█□□] State: LINE_FOLLOWING
2025-05-23 12:01:32,426 - INFO - PID: error=0.000, integral=0.333, derivative=0.000
2025-05-23 12:01:32,427 - INFO - Left Speed: 0.17, Right Speed: 0.17
2025-05-23 12:01:32,482 - INFO - - [□□█□□] State: LINE_FOLLOWING
2025-05-23 12:01:32,482 - INFO - PID: error=0.000, integral=0.333, derivative=0.000
2025-05-23 12:01:32,483 - INFO - Left Speed: 0.17, Right Speed: 0.17
2025-05-23 12:01:32,538 - INFO - - [□□██□] State: LINE_FOLLOWING
2025-05-23 12:01:32,538 - INFO - PID: error=0.500, integral=0.333, derivative=0.500
2025-05-23 12:01:32,539 - INFO - Left Speed: 0.37, Right Speed: 0.05
2025-05-23 12:01:32,591 - INFO - - [□□██□] State: LINE_FOLLOWING
2025-05-23 12:01:32,591 - INFO - PID: error=0.500, integral=0.333, derivative=0.000
2025-05-23 12:01:32,591 - INFO - Left Speed: 0.27, Right Speed: 0.07
2025-05-23 12:01:32,645 - INFO - - [□□██□] State: LINE_FOLLOWING
2025-05-23 12:01:32,645 - INFO - PID: error=0.500, integral=0.333, derivative=0.000
2025-05-23 12:01:32,646 - INFO - Left Speed: 0.27, Right Speed: 0.07
2025-05-23 12:01:32,697 - INFO - - [□□█□□] State: LINE_FOLLOWING
2025-05-23 12:01:32,697 - INFO - PID: error=0.000, integral=0.333, derivative=-0.500
2025-05-23 12:01:32,698 - INFO - Left Speed: 0.07, Right Speed: 0.27
2025-05-23 12:01:32,749 - INFO - - [□□█□□] State: LINE_FOLLOWING
2025-05-23 12:01:32,749 - INFO - PID: error=0.000, integral=0.333, derivative=0.000
2025-05-23 12:01:32,750 - INFO - Left Speed: 0.17, Right Speed: 0.17
2025-05-23 12:01:32,801 - INFO - - [□□█□□] State: LINE_FOLLOWING
2025-05-23 12:01:32,802 - INFO - PID: error=0.000, integral=0.333, derivative=0.000
2025-05-23 12:01:32,802 - INFO - Left Speed: 0.17, Right Speed: 0.17
2025-05-23 12:01:32,853 - INFO - - [□□█□□] State: LINE_FOLLOWING
2025-05-23 12:01:32,853 - INFO - PID: error=0.000, integral=0.333, derivative=0.000
2025-05-23 12:01:32,854 - INFO - Left Speed: 0.17, Right Speed: 0.17
2025-05-23 12:01:32,905 - INFO - - [□□█□□] State: LINE_FOLLOWING
2025-05-23 12:01:32,905 - INFO - PID: error=0.000, integral=0.333, derivative=0.000
2025-05-23 12:01:32,906 - INFO - Left Speed: 0.17, Right Speed: 0.17
2025-05-23 12:01:32,961 - INFO - - [□□█□□] State: LINE_FOLLOWING
2025-05-23 12:01:32,962 - INFO - PID: error=0.000, integral=0.333, derivative=0.000
2025-05-23 12:01:32,962 - INFO - Left Speed: 0.17, Right Speed: 0.17
2025-05-23 12:01:33,014 - INFO - - [□□█□□] State: LINE_FOLLOWING
2025-05-23 12:01:33,015 - INFO - PID: error=0.000, integral=0.333, derivative=0.000
2025-05-23 12:01:33,015 - INFO - Left Speed: 0.17, Right Speed: 0.17
2025-05-23 12:01:33,070 - INFO - - [□□█□□] State: LINE_FOLLOWING
2025-05-23 12:01:33,071 - INFO - PID: error=0.000, integral=0.333, derivative=0.000
2025-05-23 12:01:33,071 - INFO - Left Speed: 0.17, Right Speed: 0.17
2025-05-23 12:01:33,122 - INFO - - [□□█□□] State: LINE_FOLLOWING
2025-05-23 12:01:33,122 - INFO - PID: error=0.000, integral=0.333, derivative=0.000
2025-05-23 12:01:33,123 - INFO - Left Speed: 0.17, Right Speed: 0.17
2025-05-23 12:01:33,174 - INFO - Junction cooldown started
2025-05-23 12:01:33,175 - INFO - State changed: LINE_FOLLOWING -> JUNCTION
2025-05-23 12:01:33,175 - INFO - █ [□□███] State: JUNCTION
2025-05-23 12:01:33,175 - INFO - Junction 2: Taking RIGHT
2025-05-23 12:01:33,175 - INFO - Left Speed: 0.24, Right Speed: 0.00
2025-05-23 12:01:33,229 - INFO - █ [□□███] State: JUNCTION
2025-05-23 12:01:33,229 - INFO - Left Speed: 0.24, Right Speed: 0.00
2025-05-23 12:01:33,281 - INFO - █ [□□███] State: JUNCTION
2025-05-23 12:01:33,281 - INFO - Left Speed: 0.24, Right Speed: 0.00
2025-05-23 12:01:33,336 - INFO - █ [□□███] State: JUNCTION
2025-05-23 12:01:33,336 - INFO - Left Speed: 0.24, Right Speed: 0.00
2025-05-23 12:01:33,391 - INFO - █ [□□███] State: JUNCTION
2025-05-23 12:01:33,391 - INFO - Left Speed: 0.24, Right Speed: 0.00
2025-05-23 12:01:33,446 - INFO - █ [□████] State: JUNCTION
2025-05-23 12:01:33,446 - INFO - Left Speed: 0.24, Right Speed: 0.00
2025-05-23 12:01:33,501 - INFO - █ [██□██] State: JUNCTION
2025-05-23 12:01:33,501 - INFO - Left Speed: 0.24, Right Speed: 0.00
2025-05-23 12:01:33,554 - INFO - █ [██□██] State: JUNCTION
2025-05-23 12:01:33,555 - INFO - Left Speed: 0.24, Right Speed: 0.00
2025-05-23 12:01:33,606 - INFO - █ [██□██] State: JUNCTION
2025-05-23 12:01:33,606 - INFO - Left Speed: 0.24, Right Speed: 0.00
2025-05-23 12:01:33,657 - INFO - █ [██□██] State: JUNCTION
2025-05-23 12:01:33,658 - INFO - Left Speed: 0.24, Right Speed: 0.00
2025-05-23 12:01:33,712 - INFO - █ [██□██] State: JUNCTION
2025-05-23 12:01:33,713 - INFO - Left Speed: 0.24, Right Speed: 0.00
2025-05-23 12:01:33,764 - INFO - █ [██□██] State: JUNCTION
2025-05-23 12:01:33,765 - INFO - Left Speed: 0.24, Right Speed: 0.00
2025-05-23 12:01:33,820 - INFO - █ [█□□██] State: JUNCTION
2025-05-23 12:01:33,821 - INFO - Left Speed: 0.24, Right Speed: 0.00
2025-05-23 12:01:33,871 - INFO - █ [█□□██] State: JUNCTION
2025-05-23 12:01:33,871 - INFO - Left Speed: 0.24, Right Speed: 0.00
2025-05-23 12:01:33,922 - INFO - █ [█□□██] State: JUNCTION
2025-05-23 12:01:33,923 - INFO - Left Speed: 0.24, Right Speed: 0.00
2025-05-23 12:01:33,974 - INFO - State changed: JUNCTION -> LINE_FOLLOWING
2025-05-23 12:01:33,975 - INFO - - [□□□██] State: LINE_FOLLOWING
2025-05-23 12:01:33,975 - INFO - PID: error=1.500, integral=0.333, derivative=1.500
2025-05-23 12:01:33,975 - INFO - Left Speed: 0.77, Right Speed: 0.05
2025-05-23 12:01:34,030 - INFO - - [□□□██] State: LINE_FOLLOWING
2025-05-23 12:01:34,030 - INFO - PID: error=1.500, integral=0.333, derivative=0.000
2025-05-23 12:01:34,031 - INFO - Left Speed: 0.47, Right Speed: 0.05
2025-05-23 12:01:34,085 - INFO - - [□□□██] State: LINE_FOLLOWING
2025-05-23 12:01:34,085 - INFO - PID: error=1.500, integral=0.333, derivative=0.000
2025-05-23 12:01:34,086 - INFO - Left Speed: 0.47, Right Speed: 0.05
2025-05-23 12:01:34,138 - INFO - - [□□□██] State: LINE_FOLLOWING
2025-05-23 12:01:34,138 - INFO - PID: error=1.500, integral=0.333, derivative=0.000
2025-05-23 12:01:34,139 - INFO - Left Speed: 0.47, Right Speed: 0.05
2025-05-23 12:01:34,190 - INFO - - [□□□█□] State: LINE_FOLLOWING
2025-05-23 12:01:34,190 - INFO - PID: error=1.000, integral=0.333, derivative=-0.500
2025-05-23 12:01:34,191 - INFO - Left Speed: 0.27, Right Speed: 0.07
2025-05-23 12:01:34,243 - INFO - - [□□□█□] State: LINE_FOLLOWING
2025-05-23 12:01:34,243 - INFO - PID: error=1.000, integral=0.333, derivative=0.000
2025-05-23 12:01:34,244 - INFO - Left Speed: 0.37, Right Speed: 0.05
2025-05-23 12:01:34,295 - INFO - - [□□██□] State: LINE_FOLLOWING
2025-05-23 12:01:34,295 - INFO - PID: error=0.500, integral=0.333, derivative=-0.500
2025-05-23 12:01:34,295 - INFO - Left Speed: 0.17, Right Speed: 0.17
2025-05-23 12:01:34,346 - INFO - - [□□██□] State: LINE_FOLLOWING
2025-05-23 12:01:34,346 - INFO - PID: error=0.500, integral=0.333, derivative=0.000
2025-05-23 12:01:34,346 - INFO - Left Speed: 0.27, Right Speed: 0.07
2025-05-23 12:01:34,396 - INFO - - [□□██□] State: LINE_FOLLOWING
2025-05-23 12:01:34,397 - INFO - PID: error=0.500, integral=0.333, derivative=0.000
2025-05-23 12:01:34,397 - INFO - Left Speed: 0.27, Right Speed: 0.07
2025-05-23 12:01:34,450 - INFO - - [□□█□□] State: LINE_FOLLOWING
2025-05-23 12:01:34,451 - INFO - PID: error=0.000, integral=0.333, derivative=-0.500
2025-05-23 12:01:34,451 - INFO - Left Speed: 0.07, Right Speed: 0.27
2025-05-23 12:01:34,501 - INFO - - [□□█□□] State: LINE_FOLLOWING
2025-05-23 12:01:34,501 - INFO - PID: error=0.000, integral=0.333, derivative=0.000
2025-05-23 12:01:34,502 - INFO - Left Speed: 0.17, Right Speed: 0.17
2025-05-23 12:01:34,557 - INFO - - [□□█□□] State: LINE_FOLLOWING
2025-05-23 12:01:34,557 - INFO - PID: error=0.000, integral=0.333, derivative=0.000
2025-05-23 12:01:34,557 - INFO - Left Speed: 0.17, Right Speed: 0.17
2025-05-23 12:01:34,612 - INFO - - [□□█□□] State: LINE_FOLLOWING
2025-05-23 12:01:34,612 - INFO - PID: error=0.000, integral=0.333, derivative=0.000
2025-05-23 12:01:34,613 - INFO - Left Speed: 0.17, Right Speed: 0.17
2025-05-23 12:01:34,664 - INFO - - [□□██□] State: LINE_FOLLOWING
2025-05-23 12:01:34,665 - INFO - PID: error=0.500, integral=0.333, derivative=0.500
2025-05-23 12:01:34,665 - INFO - Left Speed: 0.37, Right Speed: 0.05
2025-05-23 12:01:34,717 - INFO - - [□□██□] State: LINE_FOLLOWING
2025-05-23 12:01:34,717 - INFO - PID: error=0.500, integral=0.333, derivative=0.000
2025-05-23 12:01:34,718 - INFO - Left Speed: 0.27, Right Speed: 0.07
2025-05-23 12:01:34,771 - INFO - - [□□□█□] State: LINE_FOLLOWING
2025-05-23 12:01:34,771 - INFO - PID: error=1.000, integral=0.333, derivative=0.500
2025-05-23 12:01:34,772 - INFO - Left Speed: 0.47, Right Speed: 0.05
2025-05-23 12:01:34,823 - INFO - - [□□□█□] State: LINE_FOLLOWING
2025-05-23 12:01:34,823 - INFO - PID: error=1.000, integral=0.333, derivative=0.000
2025-05-23 12:01:34,823 - INFO - Left Speed: 0.37, Right Speed: 0.05
2025-05-23 12:01:34,878 - INFO - - [□□██□] State: LINE_FOLLOWING
2025-05-23 12:01:34,879 - INFO - PID: error=0.500, integral=0.333, derivative=-0.500
2025-05-23 12:01:34,879 - INFO - Left Speed: 0.17, Right Speed: 0.17
2025-05-23 12:01:34,931 - INFO - - [□□█□□] State: LINE_FOLLOWING
2025-05-23 12:01:34,931 - INFO - PID: error=0.000, integral=0.333, derivative=-0.500
2025-05-23 12:01:34,931 - INFO - Left Speed: 0.07, Right Speed: 0.27
2025-05-23 12:01:34,982 - INFO - - [□□█□□] State: LINE_FOLLOWING
2025-05-23 12:01:34,983 - INFO - PID: error=0.000, integral=0.333, derivative=0.000
2025-05-23 12:01:34,983 - INFO - Left Speed: 0.17, Right Speed: 0.17
2025-05-23 12:01:35,036 - INFO - - [████□] State: LINE_FOLLOWING
2025-05-23 12:01:35,037 - INFO - PID: error=-0.500, integral=0.333, derivative=-0.500
2025-05-23 12:01:35,038 - INFO - Left Speed: 0.05, Right Speed: 0.37
2025-05-23 12:01:35,091 - INFO - - [█████] State: LINE_FOLLOWING
2025-05-23 12:01:35,092 - INFO - PID: error=0.000, integral=0.333, derivative=0.500
2025-05-23 12:01:35,092 - INFO - Left Speed: 0.27, Right Speed: 0.07
2025-05-23 12:01:35,145 - INFO - - [█████] State: LINE_FOLLOWING
2025-05-23 12:01:35,146 - INFO - PID: error=0.000, integral=0.333, derivative=0.000
2025-05-23 12:01:35,146 - INFO - Left Speed: 0.17, Right Speed: 0.17
2025-05-23 12:01:35,197 - INFO - Junction cooldown ended
2025-05-23 12:01:35,198 - INFO - - [□□██□] State: LINE_FOLLOWING
2025-05-23 12:01:35,198 - INFO - PID: error=0.500, integral=0.333, derivative=0.500
2025-05-23 12:01:35,198 - INFO - Left Speed: 0.37, Right Speed: 0.05
2025-05-23 12:01:35,252 - INFO - - [□□██□] State: LINE_FOLLOWING
2025-05-23 12:01:35,253 - INFO - PID: error=0.500, integral=0.333, derivative=0.000
2025-05-23 12:01:35,253 - INFO - Left Speed: 0.27, Right Speed: 0.07
2025-05-23 12:01:35,304 - INFO - - [□□█□□] State: LINE_FOLLOWING
2025-05-23 12:01:35,304 - INFO - PID: error=0.000, integral=0.333, derivative=-0.500
2025-05-23 12:01:35,305 - INFO - Left Speed: 0.07, Right Speed: 0.27
2025-05-23 12:01:35,357 - INFO - - [□□█□□] State: LINE_FOLLOWING
2025-05-23 12:01:35,357 - INFO - PID: error=0.000, integral=0.333, derivative=0.000
2025-05-23 12:01:35,358 - INFO - Left Speed: 0.17, Right Speed: 0.17
2025-05-23 12:01:35,413 - INFO - - [□□█□□] State: LINE_FOLLOWING
2025-05-23 12:01:35,413 - INFO - PID: error=0.000, integral=0.333, derivative=0.000
2025-05-23 12:01:35,413 - INFO - Left Speed: 0.17, Right Speed: 0.17
2025-05-23 12:01:35,465 - INFO - - [□□█□□] State: LINE_FOLLOWING
2025-05-23 12:01:35,465 - INFO - PID: error=0.000, integral=0.333, derivative=0.000
2025-05-23 12:01:35,465 - INFO - Left Speed: 0.17, Right Speed: 0.17
2025-05-23 12:01:35,515 - INFO - - [□□█□□] State: LINE_FOLLOWING
2025-05-23 12:01:35,515 - INFO - PID: error=0.000, integral=0.333, derivative=0.000
2025-05-23 12:01:35,515 - INFO - Left Speed: 0.17, Right Speed: 0.17
2025-05-23 12:01:35,570 - INFO - - [□□█□□] State: LINE_FOLLOWING
2025-05-23 12:01:35,570 - INFO - PID: error=0.000, integral=0.333, derivative=0.000
2025-05-23 12:01:35,571 - INFO - Left Speed: 0.17, Right Speed: 0.17
2025-05-23 12:01:35,621 - INFO - - [□□█□□] State: LINE_FOLLOWING
2025-05-23 12:01:35,621 - INFO - PID: error=0.000, integral=0.333, derivative=0.000
2025-05-23 12:01:35,621 - INFO - Left Speed: 0.17, Right Speed: 0.17
2025-05-23 12:01:35,672 - INFO - - [□□█□□] State: LINE_FOLLOWING
2025-05-23 12:01:35,672 - INFO - PID: error=0.000, integral=0.333, derivative=0.000
2025-05-23 12:01:35,672 - INFO - Left Speed: 0.17, Right Speed: 0.17
2025-05-23 12:01:35,723 - INFO - - [□□█□□] State: LINE_FOLLOWING
2025-05-23 12:01:35,723 - INFO - PID: error=0.000, integral=0.333, derivative=0.000
2025-05-23 12:01:35,723 - INFO - Left Speed: 0.17, Right Speed: 0.17
2025-05-23 12:01:35,778 - INFO - - [□□█□□] State: LINE_FOLLOWING
2025-05-23 12:01:35,779 - INFO - PID: error=0.000, integral=0.333, derivative=0.000
2025-05-23 12:01:35,779 - INFO - Left Speed: 0.17, Right Speed: 0.17
2025-05-23 12:01:35,832 - INFO - - [□□█□□] State: LINE_FOLLOWING
2025-05-23 12:01:35,832 - INFO - PID: error=0.000, integral=0.333, derivative=0.000
2025-05-23 12:01:35,832 - INFO - Left Speed: 0.17, Right Speed: 0.17
2025-05-23 12:01:35,884 - INFO - - [□□█□□] State: LINE_FOLLOWING
2025-05-23 12:01:35,884 - INFO - PID: error=0.000, integral=0.333, derivative=0.000
2025-05-23 12:01:35,885 - INFO - Left Speed: 0.17, Right Speed: 0.17
2025-05-23 12:01:35,938 - INFO - - [□□█□□] State: LINE_FOLLOWING
2025-05-23 12:01:35,939 - INFO - PID: error=0.000, integral=0.333, derivative=0.000
2025-05-23 12:01:35,940 - INFO - Left Speed: 0.17, Right Speed: 0.17
2025-05-23 12:01:35,991 - INFO - - [□□█□□] State: LINE_FOLLOWING
2025-05-23 12:01:35,992 - INFO - PID: error=0.000, integral=0.333, derivative=0.000
2025-05-23 12:01:35,992 - INFO - Left Speed: 0.17, Right Speed: 0.17
2025-05-23 12:01:36,047 - INFO - - [□□█□□] State: LINE_FOLLOWING
2025-05-23 12:01:36,048 - INFO - PID: error=0.000, integral=0.333, derivative=0.000
2025-05-23 12:01:36,048 - INFO - Left Speed: 0.17, Right Speed: 0.17
2025-05-23 12:01:36,101 - INFO - - [□██□□] State: LINE_FOLLOWING
2025-05-23 12:01:36,102 - INFO - PID: error=-0.500, integral=0.333, derivative=-0.500
2025-05-23 12:01:36,102 - INFO - Left Speed: 0.05, Right Speed: 0.37
2025-05-23 12:01:36,156 - INFO - - [□██□□] State: LINE_FOLLOWING
2025-05-23 12:01:36,157 - INFO - PID: error=-0.500, integral=0.333, derivative=0.000
2025-05-23 12:01:36,157 - INFO - Left Speed: 0.07, Right Speed: 0.27
2025-05-23 12:01:36,213 - INFO - - [□██□□] State: LINE_FOLLOWING
2025-05-23 12:01:36,213 - INFO - PID: error=-0.500, integral=0.333, derivative=0.000
2025-05-23 12:01:36,214 - INFO - Left Speed: 0.07, Right Speed: 0.27
2025-05-23 12:01:36,270 - INFO - - [□□█□□] State: LINE_FOLLOWING
2025-05-23 12:01:36,270 - INFO - PID: error=0.000, integral=0.333, derivative=0.500
2025-05-23 12:01:36,271 - INFO - Left Speed: 0.27, Right Speed: 0.07
2025-05-23 12:01:36,322 - INFO - - [□□█□□] State: LINE_FOLLOWING
2025-05-23 12:01:36,322 - INFO - PID: error=0.000, integral=0.333, derivative=0.000
2025-05-23 12:01:36,323 - INFO - Left Speed: 0.17, Right Speed: 0.17
2025-05-23 12:01:36,374 - INFO - - [□□█□□] State: LINE_FOLLOWING
2025-05-23 12:01:36,374 - INFO - PID: error=0.000, integral=0.333, derivative=0.000
2025-05-23 12:01:36,374 - INFO - Left Speed: 0.17, Right Speed: 0.17
2025-05-23 12:01:36,429 - INFO - - [□□█□□] State: LINE_FOLLOWING
2025-05-23 12:01:36,430 - INFO - PID: error=0.000, integral=0.333, derivative=0.000
2025-05-23 12:01:36,430 - INFO - Left Speed: 0.17, Right Speed: 0.17
2025-05-23 12:01:36,482 - INFO - - [□□█□□] State: LINE_FOLLOWING
2025-05-23 12:01:36,482 - INFO - PID: error=0.000, integral=0.333, derivative=0.000
2025-05-23 12:01:36,482 - INFO - Left Speed: 0.17, Right Speed: 0.17
2025-05-23 12:01:36,533 - INFO - - [□□█□□] State: LINE_FOLLOWING
2025-05-23 12:01:36,533 - INFO - PID: error=0.000, integral=0.333, derivative=0.000
2025-05-23 12:01:36,533 - INFO - Left Speed: 0.17, Right Speed: 0.17
2025-05-23 12:01:36,583 - INFO - - [□□█□□] State: LINE_FOLLOWING
2025-05-23 12:01:36,584 - INFO - PID: error=0.000, integral=0.333, derivative=0.000
2025-05-23 12:01:36,584 - INFO - Left Speed: 0.17, Right Speed: 0.17
2025-05-23 12:01:36,634 - INFO - - [□□█□□] State: LINE_FOLLOWING
2025-05-23 12:01:36,634 - INFO - PID: error=0.000, integral=0.333, derivative=0.000
2025-05-23 12:01:36,634 - INFO - Left Speed: 0.17, Right Speed: 0.17
2025-05-23 12:01:36,686 - INFO - - [□□█□□] State: LINE_FOLLOWING
2025-05-23 12:01:36,686 - INFO - PID: error=0.000, integral=0.333, derivative=0.000
2025-05-23 12:01:36,686 - INFO - Left Speed: 0.17, Right Speed: 0.17
2025-05-23 12:01:36,737 - INFO - - [□□█□□] State: LINE_FOLLOWING
2025-05-23 12:01:36,738 - INFO - PID: error=0.000, integral=0.333, derivative=0.000
2025-05-23 12:01:36,738 - INFO - Left Speed: 0.17, Right Speed: 0.17
2025-05-23 12:01:36,793 - INFO - - [□□██□] State: LINE_FOLLOWING
2025-05-23 12:01:36,793 - INFO - PID: error=0.500, integral=0.333, derivative=0.500
2025-05-23 12:01:36,793 - INFO - Left Speed: 0.37, Right Speed: 0.05
2025-05-23 12:01:36,846 - INFO - - [□□██□] State: LINE_FOLLOWING
2025-05-23 12:01:36,846 - INFO - PID: error=0.500, integral=0.333, derivative=0.000
2025-05-23 12:01:36,847 - INFO - Left Speed: 0.27, Right Speed: 0.07
2025-05-23 12:01:36,899 - INFO - - [□□██□] State: LINE_FOLLOWING
2025-05-23 12:01:36,899 - INFO - PID: error=0.500, integral=0.333, derivative=0.000
2025-05-23 12:01:36,900 - INFO - Left Speed: 0.27, Right Speed: 0.07
2025-05-23 12:01:36,954 - INFO - - [□□██□] State: LINE_FOLLOWING
2025-05-23 12:01:36,954 - INFO - PID: error=0.500, integral=0.333, derivative=0.000
2025-05-23 12:01:36,955 - INFO - Left Speed: 0.27, Right Speed: 0.07
2025-05-23 12:01:37,006 - INFO - - [□□█□□] State: LINE_FOLLOWING
2025-05-23 12:01:37,007 - INFO - PID: error=0.000, integral=0.333, derivative=-0.500
2025-05-23 12:01:37,007 - INFO - Left Speed: 0.07, Right Speed: 0.27
2025-05-23 12:01:37,058 - INFO - - [□□█□□] State: LINE_FOLLOWING
2025-05-23 12:01:37,059 - INFO - PID: error=0.000, integral=0.333, derivative=0.000
2025-05-23 12:01:37,059 - INFO - Left Speed: 0.17, Right Speed: 0.17
2025-05-23 12:01:37,112 - INFO - Junction cooldown started
2025-05-23 12:01:37,113 - INFO - State changed: LINE_FOLLOWING -> JUNCTION
2025-05-23 12:01:37,113 - INFO - █ [███□□] State: JUNCTION
2025-05-23 12:01:37,113 - INFO - Junction 3: Taking LEFT
2025-05-23 12:01:37,113 - INFO - Left Speed: 0.00, Right Speed: 0.00
2025-05-23 12:01:37,114 - INFO - Arrived at table 1. Pausing for 3.0 seconds.
2025-05-23 12:01:40,117 - WARNING - No waypoints found from table 0 to table 0
2025-05-23 12:01:40,118 - WARNING - No route found from 0 to kitchen
2025-05-23 12:01:40,118 - INFO - No return route found. Stopping.
2025-05-23 12:01:40,118 - INFO - Left Speed: 0.00, Right Speed: 0.00
2025-05-23 12:01:40,118 - INFO - Cleaning up resources...
2025-05-23 12:01:40,118 - INFO - Left Speed: 0.00, Right Speed: 0.00
2025-05-23 12:01:40,120 - INFO - Program terminated
